<?xml version="1.0" encoding="UTF-8"?>
<!-- Generated by org.testng.reporters.JUnitXMLReporter -->
<testsuite ignored="0" hostname="DESKTOP-LHF9I2S" failures="1" tests="2" name="Test" time="27.607" errors="0" timestamp="2025-01-09T13:14:52 IST">
  <testcase classname="TestCases.TC001_accoountRegister" name="verify_account_registration" time="2.806"/>
  <testcase classname="TestCases.TC002_loginTest" name="verify_login" time="16.362">
    <failure type="java.lang.AssertionError" message="expected [true] but found [false]">
      <![CDATA[java.lang.AssertionError: expected [true] but found [false]
at TestCases.TC002_loginTest.verify_login(TC002_loginTest.java:40)
at java.base/java.util.ArrayList.forEach(ArrayList.java:1596)
... Removed 29 stack frames]]>
    </failure>
  </testcase> <!-- verify_login -->
</testsuite> <!-- Test -->
