<?xml version="1.0" encoding="UTF-8"?>
<!-- Generated by org.testng.reporters.JUnitXMLReporter -->
<testsuite ignored="0" hostname="DESKTOP-LHF9I2S" failures="1" tests="1" name="Test" time="14.162" errors="0" timestamp="2025-01-07T22:42:29 IST">
  <testcase classname="TestCases.TC003_LoginDDT" name="verify_loginDDT" time="4.238">
    <failure type="org.testng.internal.reflect.MethodMatcherException" message="
[public void TestCases.TC003_LoginDDT.verify_loginDDT(java.lang.String,java.lang.String)] has no parameters defined but was found to be using a data provider (either explicitly specified or inherited from class level annotation).
Data provider mismatch
Method: verify_loginDDT([java.lang.String arg0, java.lang.String arg1])
Arguments: [(java.lang.String) braheja248@gmail.com,(java.lang.String) @Bhumika_15,(java.lang.String) Valid]">
      <![CDATA[org.testng.internal.reflect.MethodMatcherException: 
[public void TestCases.TC003_LoginDDT.verify_loginDDT(java.lang.String,java.lang.String)] has no parameters defined but was found to be using a data provider (either explicitly specified or inherited from class level annotation).
Data provider mismatch
Method: verify_loginDDT([java.lang.String arg0, java.lang.String arg1])
Arguments: [(java.lang.String) braheja248@gmail.com,(java.lang.String) @Bhumika_15,(java.lang.String) Valid]
at java.base/java.util.ArrayList.forEach(ArrayList.java:1596)
... Removed 22 stack frames]]>
    </failure>
  </testcase> <!-- verify_loginDDT -->
</testsuite> <!-- Test -->
